# JRE version: Java(TM) SE Runtime Environment (8.0_202-b08) (build 1.8.0_202-b08)
# Java VM: Java HotSpot(TM) 64-Bit Server VM (25.202-b08 mixed mode linux-amd64 compressed oops)
Heap:
 PSYoungGen      total 51712K, used 3568K [0x00000000e1780000, 0x00000000e4d80000, 0x0000000100000000)
  eden space 48128K, 0% used [0x00000000e1780000,0x00000000e1780000,0x00000000e4680000)
  from space 3584K, 99% used [0x00000000e4680000,0x00000000e49fc010,0x00000000e4a00000)
  to   space 3584K, 0% used [0x00000000e4a00000,0x00000000e4a00000,0x00000000e4d80000)
 ParOldGen       total 62976K, used 11054K [0x00000000a4600000, 0x00000000a8380000, 0x00000000e1780000)
  object space 62976K, 17% used [0x00000000a4600000,0x00000000a50cb8d0,0x00000000a8380000)
 Metaspace       used 17519K, capacity 17996K, committed 18176K, reserved 1064960K
  class space    used 2136K, capacity 2233K, committed 2304K, reserved 1048576K
GC Heap History (9 events):
Event: 0.712 GC heap before
{Heap before GC invocations=1 (full 0):
 PSYoungGen      total 27648K, used 24064K [0x00000000e1780000, 0x00000000e3600000, 0x0000000100000000)
  eden space 24064K, 100% used [0x00000000e1780000,0x00000000e2f00000,0x00000000e2f00000)
  from space 3584K, 0% used [0x00000000e3280000,0x00000000e3280000,0x00000000e3600000)
  to   space 3584K, 0% used [0x00000000e2f00000,0x00000000e2f00000,0x00000000e3280000)
 ParOldGen       total 62976K, used 0K [0x00000000a4600000, 0x00000000a8380000, 0x00000000e1780000)
  object space 62976K, 0% used [0x00000000a4600000,0x00000000a4600000,0x00000000a8380000)
 Metaspace       used 7535K, capacity 7644K, committed 7680K, reserved 1056768K
  class space    used 937K, capacity 1016K, committed 1024K, reserved 1048576K
Event: 0.717 GC heap after
Heap after GC invocations=1 (full 0):
 PSYoungGen      total 27648K, used 3573K [0x00000000e1780000, 0x00000000e3600000, 0x0000000100000000)
  eden space 24064K, 0% used [0x00000000e1780000,0x00000000e1780000,0x00000000e2f00000)
  from space 3584K, 99% used [0x00000000e2f00000,0x00000000e327d6d0,0x00000000e3280000)
  to   space 3584K, 0% used [0x00000000e3280000,0x00000000e3280000,0x00000000e3600000)
 ParOldGen       total 62976K, used 699K [0x00000000a4600000, 0x00000000a8380000, 0x00000000e1780000)
  object space 62976K, 1% used [0x00000000a4600000,0x00000000a46aee68,0x00000000a8380000)
 Metaspace       used 7535K, capacity 7644K, committed 7680K, reserved 1056768K
  class space    used 937K, capacity 1016K, committed 1024K, reserved 1048576K
}
Event: 0.974 GC heap before
{Heap before GC invocations=2 (full 0):
 PSYoungGen      total 27648K, used 27637K [0x00000000e1780000, 0x00000000e3600000, 0x0000000100000000)
  eden space 24064K, 100% used [0x00000000e1780000,0x00000000e2f00000,0x00000000e2f00000)
  from space 3584K, 99% used [0x00000000e2f00000,0x00000000e327d6d0,0x00000000e3280000)
  to   space 3584K, 0% used [0x00000000e3280000,0x00000000e3280000,0x00000000e3600000)
 ParOldGen       total 62976K, used 699K [0x00000000a4600000, 0x00000000a8380000, 0x00000000e1780000)
  object space 62976K, 1% used [0x00000000a4600000,0x00000000a46aee68,0x00000000a8380000)
 Metaspace       used 10144K, capacity 10308K, committed 10624K, reserved 1058816K
  class space    used 1271K, capacity 1345K, committed 1408K, reserved 1048576K
Event: 0.988 GC heap after
Heap after GC invocations=2 (full 0):
 PSYoungGen      total 27648K, used 3580K [0x00000000e1780000, 0x00000000e4d80000, 0x0000000100000000)
  eden space 24064K, 0% used [0x00000000e1780000,0x00000000e1780000,0x00000000e2f00000)
  from space 3584K, 99% used [0x00000000e3280000,0x00000000e35ff168,0x00000000e3600000)
  to   space 3584K, 0% used [0x00000000e2f00000,0x00000000e2f00000,0x00000000e3280000)
 ParOldGen       total 62976K, used 2349K [0x00000000a4600000, 0x00000000a8380000, 0x00000000e1780000)
  object space 62976K, 3% used [0x00000000a4600000,0x00000000a484b6c8,0x00000000a8380000)
 Metaspace       used 10144K, capacity 10308K, committed 10624K, reserved 1058816K
  class space    used 1271K, capacity 1345K, committed 1408K, reserved 1048576K
}
Event: 1.483 GC heap before
{Heap before GC invocations=3 (full 0):
 PSYoungGen      total 27648K, used 27644K [0x00000000e1780000, 0x00000000e4d80000, 0x0000000100000000)
  eden space 24064K, 100% used [0x00000000e1780000,0x00000000e2f00000,0x00000000e2f00000)
  from space 3584K, 99% used [0x00000000e3280000,0x00000000e35ff168,0x00000000e3600000)
  to   space 3584K, 0% used [0x00000000e2f00000,0x00000000e2f00000,0x00000000e3280000)
 ParOldGen       total 62976K, used 2349K [0x00000000a4600000, 0x00000000a8380000, 0x00000000e1780000)
  object space 62976K, 3% used [0x00000000a4600000,0x00000000a484b6c8,0x00000000a8380000)
 Metaspace       used 13269K, capacity 13496K, committed 13568K, reserved 1060864K
  class space    used 1675K, capacity 1777K, committed 1792K, reserved 1048576K
Event: 1.491 GC heap after
Heap after GC invocations=3 (full 0):
 PSYoungGen      total 27648K, used 3552K [0x00000000e1780000, 0x00000000e4d80000, 0x0000000100000000)
  eden space 24064K, 0% used [0x00000000e1780000,0x00000000e1780000,0x00000000e2f00000)
  from space 3584K, 99% used [0x00000000e2f00000,0x00000000e3278040,0x00000000e3280000)
  to   space 3584K, 0% used [0x00000000e4a00000,0x00000000e4a00000,0x00000000e4d80000)
 ParOldGen       total 62976K, used 4846K [0x00000000a4600000, 0x00000000a8380000, 0x00000000e1780000)
  object space 62976K, 7% used [0x00000000a4600000,0x00000000a4abb918,0x00000000a8380000)
 Metaspace       used 13269K, capacity 13496K, committed 13568K, reserved 1060864K
  class space    used 1675K, capacity 1777K, committed 1792K, reserved 1048576K
}
Event: 2.635 GC heap before
{Heap before GC invocations=4 (full 0):
 PSYoungGen      total 27648K, used 27616K [0x00000000e1780000, 0x00000000e4d80000, 0x0000000100000000)
  eden space 24064K, 100% used [0x00000000e1780000,0x00000000e2f00000,0x00000000e2f00000)
  from space 3584K, 99% used [0x00000000e2f00000,0x00000000e3278040,0x00000000e3280000)
  to   space 3584K, 0% used [0x00000000e4a00000,0x00000000e4a00000,0x00000000e4d80000)
 ParOldGen       total 62976K, used 4846K [0x00000000a4600000, 0x00000000a8380000, 0x00000000e1780000)
  object space 62976K, 7% used [0x00000000a4600000,0x00000000a4abb918,0x00000000a8380000)
 Metaspace       used 15285K, capacity 15660K, committed 15872K, reserved 1062912K
  class space    used 1898K, capacity 1981K, committed 2048K, reserved 1048576K
Event: 2.652 GC heap after
Heap after GC invocations=4 (full 0):
 PSYoungGen      total 51712K, used 3568K [0x00000000e1780000, 0x00000000e4d80000, 0x0000000100000000)
  eden space 48128K, 0% used [0x00000000e1780000,0x00000000e1780000,0x00000000e4680000)
  from space 3584K, 99% used [0x00000000e4a00000,0x00000000e4d7c050,0x00000000e4d80000)
  to   space 3584K, 0% used [0x00000000e4680000,0x00000000e4680000,0x00000000e4a00000)
 ParOldGen       total 62976K, used 7728K [0x00000000a4600000, 0x00000000a8380000, 0x00000000e1780000)
  object space 62976K, 12% used [0x00000000a4600000,0x00000000a4d8c0a8,0x00000000a8380000)
 Metaspace       used 15285K, capacity 15660K, committed 15872K, reserved 1062912K
  class space    used 1898K, capacity 1981K, committed 2048K, reserved 1048576K
}
Event: 13.139 GC heap before
{Heap before GC invocations=5 (full 0):
 PSYoungGen      total 51712K, used 51696K [0x00000000e1780000, 0x00000000e4d80000, 0x0000000100000000)
  eden space 48128K, 100% used [0x00000000e1780000,0x00000000e4680000,0x00000000e4680000)
  from space 3584K, 99% used [0x00000000e4a00000,0x00000000e4d7c050,0x00000000e4d80000)
  to   space 3584K, 0% used [0x00000000e4680000,0x00000000e4680000,0x00000000e4a00000)
 ParOldGen       total 62976K, used 7728K [0x00000000a4600000, 0x00000000a8380000, 0x00000000e1780000)
  object space 62976K, 12% used [0x00000000a4600000,0x00000000a4d8c0a8,0x00000000a8380000)
 Metaspace       used 17519K, capacity 17996K, committed 18176K, reserved 1064960K
  class space    used 2136K, capacity 2233K, committed 2304K, reserved 1048576K

